<?xml version="1.0" encoding="UTF-8"?>
<!-- Generated by org.testng.reporters.JUnitXMLReporter -->
<testsuite ignored="7" hostname="LAP0130" failures="1" tests="2" name="Test" time="257.97" errors="0" timestamp="2023-04-21T10:08:52 IST">
  <testcase classname="com.navatar.scripts.AcuityTabAddition" name="before on [unknown locator]" time="41.562"/>
  <testcase classname="com.navatar.scripts.AcuityTabAddition" name="verifyAddPicklistValueforObject on [unknown locator]" time="212.869">
    <failure type="java.lang.AssertionError" message="The following asserts failed:
	Not able to click on App From App Launcher : PE (AcuityTabAddition.java:894)	Screenshot Name: verifyAddPicklistValueforObject2023_04_21_10_07_05.png	 expected [true] but found [false],
	Not able to click on App From App Launcher : FOF (AcuityTabAddition.java:894)	Screenshot Name: verifyAddPicklistValueforObject2023_04_21_10_08_51.png	 expected [true] but found [false]">
      <![CDATA[java.lang.AssertionError: The following asserts failed:
Not able to click on App From App Launcher : PE (AcuityTabAddition.java:894)Screenshot Name: verifyAddPicklistValueforObject2023_04_21_10_07_05.png expected [true] but found [false],
Not able to click on App From App Launcher : FOF (AcuityTabAddition.java:894)Screenshot Name: verifyAddPicklistValueforObject2023_04_21_10_08_51.png expected [true] but found [false]
at com.navatar.generic.SoftAssert.assertAll(SoftAssert.java:87)
at com.navatar.scripts.AcuityTabAddition.verifyAddPicklistValueforObject(AcuityTabAddition.java:902)
at java.base/java.util.ArrayList.forEach(ArrayList.java:1511)
at com.navatar.launcher.Executioner.testNgXmlSuite(Executioner.java:52)
at com.navatar.launcher.Executioner.main(Executioner.java:65)
... Removed 24 stack frames]]>
    </failure>
  </testcase> <!-- verifyAddPicklistValueforObject on [unknown locator] -->
  <testcase classname="com.navatar.scripts.AcuityTabAddition" name="verifyAddPicklistValueforObjects" time="0.0">
    <ignored/>
  </testcase> <!-- verifyAddPicklistValueforObjects -->
  <testcase classname="com.navatar.scripts.AcuityTabAddition" name="VerifyRemovingGlobalAction" time="0.0">
    <ignored/>
  </testcase> <!-- VerifyRemovingGlobalAction -->
  <testcase classname="com.navatar.scripts.AcuityTabAddition" name="verifyAllowUsersRelateMultipleContactsTasksEvents" time="0.0">
    <ignored/>
  </testcase> <!-- verifyAllowUsersRelateMultipleContactsTasksEvents -->
  <testcase classname="com.navatar.scripts.AcuityTabAddition" name="verifyRemovingRelatedListFromObjects" time="0.0">
    <ignored/>
  </testcase> <!-- verifyRemovingRelatedListFromObjects -->
  <testcase classname="com.navatar.scripts.AcuityTabAddition" name="verifyAcuityTabAddedInObjects" time="0.0">
    <ignored/>
  </testcase> <!-- verifyAcuityTabAddedInObjects -->
  <testcase classname="com.navatar.scripts.AcuityTabAddition" name="VerifyAcuityNavatarSetting" time="0.0">
    <ignored/>
  </testcase> <!-- VerifyAcuityNavatarSetting -->
  <testcase classname="com.navatar.scripts.AcuityTabAddition" name="VerifyRenamingTabAndLableInActivity" time="0.0">
    <ignored/>
  </testcase> <!-- VerifyRenamingTabAndLableInActivity -->
</testsuite> <!-- Test -->
