<?xml version="1.0" encoding="UTF-8"?>
<!-- Generated by org.testng.reporters.JUnitXMLReporter -->
<testsuite ignored="7" hostname="LAP0130" failures="0" tests="2" name="Default test" time="0.079" errors="0" timestamp="2023-04-21T10:04:19 IST">
  <testcase classname="com.navatar.generic.BaseLib" name="@BeforeClass config" time="-1.682051659476E9">
    <failure type="org.testng.TestNGException" message="
Parameter &amp;apos;browser&amp;apos; is required by BeforeClass on method config but has not been marked @Optional or defined
in C:\Users\Nitin Garg\AppData\Local\Temp\testng-eclipse--137095698\testng-customsuite.xml">
      <![CDATA[org.testng.TestNGException: 
Parameter 'browser' is required by BeforeClass on method config but has not been marked @Optional or defined
in C:\Users\Nitin Garg\AppData\Local\Temp\testng-eclipse--137095698\testng-customsuite.xml
at org.testng.internal.Parameters.createParams(Parameters.java:270)
at org.testng.internal.Parameters.createParametersForMethod(Parameters.java:358)
at org.testng.internal.Parameters.createParameters(Parameters.java:700)
at org.testng.internal.Parameters.createConfigurationParameters(Parameters.java:168)
at org.testng.internal.ConfigInvoker.invokeConfigurations(ConfigInvoker.java:302)
at org.testng.internal.TestMethodWorker.invokeBeforeClassMethods(TestMethodWorker.java:176)
at org.testng.internal.TestMethodWorker.run(TestMethodWorker.java:122)
at java.base/java.util.ArrayList.forEach(ArrayList.java:1511)
at org.testng.TestRunner.privateRun(TestRunner.java:794)
at org.testng.TestRunner.run(TestRunner.java:596)
at org.testng.SuiteRunner.runTest(SuiteRunner.java:377)
at org.testng.SuiteRunner.runSequentially(SuiteRunner.java:371)
at org.testng.SuiteRunner.privateRun(SuiteRunner.java:332)
at org.testng.SuiteRunner.run(SuiteRunner.java:276)
at org.testng.SuiteRunnerWorker.runSuite(SuiteRunnerWorker.java:53)
at org.testng.SuiteRunnerWorker.run(SuiteRunnerWorker.java:96)
at org.testng.TestNG.runSuitesSequentially(TestNG.java:1212)
at org.testng.TestNG.runSuitesLocally(TestNG.java:1134)
at org.testng.TestNG.runSuites(TestNG.java:1063)
at org.testng.TestNG.run(TestNG.java:1031)
at org.testng.remote.AbstractRemoteTestNG.run(AbstractRemoteTestNG.java:115)
at org.testng.remote.RemoteTestNG.initAndRun(RemoteTestNG.java:251)
at org.testng.remote.RemoteTestNG.main(RemoteTestNG.java:77)
]]>
    </failure>
  </testcase> <!-- @BeforeClass config -->
  <testcase classname="com.navatar.generic.BaseLib" name="@BeforeMethod settingsBeforeTests" time="-1.682051659496E9">
    <skipped/>
  </testcase> <!-- @BeforeMethod settingsBeforeTests -->
  <testcase classname="com.navatar.generic.BaseLib" name="@AfterMethod settingsAfterTests" time="-1.682051659504E9">
    <skipped/>
  </testcase> <!-- @AfterMethod settingsAfterTests -->
  <testcase classname="com.navatar.generic.BaseLib" name="@BeforeMethod settingsBeforeTests" time="-1.682051659511E9">
    <skipped/>
  </testcase> <!-- @BeforeMethod settingsBeforeTests -->
  <testcase classname="com.navatar.generic.BaseLib" name="@AfterMethod settingsAfterTests" time="-1.682051659518E9">
    <skipped/>
  </testcase> <!-- @AfterMethod settingsAfterTests -->
  <testcase classname="com.navatar.generic.BaseLib" name="@AfterClass closeBrowser" time="-1.68205165952E9">
    <skipped/>
  </testcase> <!-- @AfterClass closeBrowser -->
  <testcase classname="com.navatar.scripts.AcuityTabAddition" name="before on [unknown locator]" time="0.0">
    <skipped/>
  </testcase> <!-- before on [unknown locator] -->
  <testcase classname="com.navatar.scripts.AcuityTabAddition" name="verifyAddPicklistValueforObject on [unknown locator]" time="0.0">
    <skipped/>
  </testcase> <!-- verifyAddPicklistValueforObject on [unknown locator] -->
  <testcase classname="com.navatar.scripts.AcuityTabAddition" name="verifyAddPicklistValueforObjects" time="0.0">
    <ignored/>
  </testcase> <!-- verifyAddPicklistValueforObjects -->
  <testcase classname="com.navatar.scripts.AcuityTabAddition" name="VerifyRemovingGlobalAction" time="0.0">
    <ignored/>
  </testcase> <!-- VerifyRemovingGlobalAction -->
  <testcase classname="com.navatar.scripts.AcuityTabAddition" name="verifyRemovingRelatedListFromObjects" time="0.0">
    <ignored/>
  </testcase> <!-- verifyRemovingRelatedListFromObjects -->
  <testcase classname="com.navatar.scripts.AcuityTabAddition" name="verifyAllowUsersRelateMultipleContactsTasksEvents" time="0.0">
    <ignored/>
  </testcase> <!-- verifyAllowUsersRelateMultipleContactsTasksEvents -->
  <testcase classname="com.navatar.scripts.AcuityTabAddition" name="verifyAcuityTabAddedInObjects" time="0.0">
    <ignored/>
  </testcase> <!-- verifyAcuityTabAddedInObjects -->
  <testcase classname="com.navatar.scripts.AcuityTabAddition" name="VerifyAcuityNavatarSetting" time="0.0">
    <ignored/>
  </testcase> <!-- VerifyAcuityNavatarSetting -->
  <testcase classname="com.navatar.scripts.AcuityTabAddition" name="VerifyRenamingTabAndLableInActivity" time="0.0">
    <ignored/>
  </testcase> <!-- VerifyRenamingTabAndLableInActivity -->
</testsuite> <!-- Default test -->
