<?xml version="1.0" encoding="UTF-8"?>
<!-- Generated by org.testng.reporters.JUnitXMLReporter -->
<testsuite ignored="0" hostname="LAP0127" failures="1" tests="2" name="Command line test" time="0.096" errors="0" timestamp="2023-03-22T13:23:55 IST">
  <testcase classname="com.navatar.generic.BaseLib" name="@BeforeClass config" time="-1.679471635419E9">
    <failure type="org.testng.TestNGException" message="
Parameter &amp;apos;browser&amp;apos; is required by BeforeClass on method config but has not been marked @Optional or defined
">
      <![CDATA[org.testng.TestNGException: 
Parameter 'browser' is required by BeforeClass on method config but has not been marked @Optional or defined

at java.base/java.util.ArrayList.forEach(ArrayList.java:1511)
at com.navatar.launcher.Executioner.testNgXmlSuite(Executioner.java:36)
at com.navatar.launcher.Executioner.main(Executioner.java:48)
... Removed 19 stack frames]]>
    </failure>
  </testcase> <!-- @BeforeClass config -->
  <testcase classname="com.navatar.generic.BaseLib" name="@BeforeMethod settingsBeforeTests" time="-1.679471635426E9">
    <skipped/>
  </testcase> <!-- @BeforeMethod settingsBeforeTests -->
  <testcase classname="com.navatar.generic.BaseLib" name="@AfterClass closeBrowser" time="-1.67947163545E9">
    <skipped/>
  </testcase> <!-- @AfterClass closeBrowser -->
  <testcase classname="com.navatar.scripts.AcuityTabAddition" name="ASTc036_DeleteCreatedRecordType on [unknown locator]" time="0.0">
    <skipped/>
  </testcase> <!-- ASTc036_DeleteCreatedRecordType on [unknown locator] -->
  <testcase classname="com.navatar.scripts.AcuityTabAddition" name="ASTc036_DeleteCreatedRecordType on [unknown locator]" time="0.022">
    <failure type="java.lang.NullPointerException" message="Cannot invoke &amp;quot;org.openqa.selenium.TakesScreenshot.getScreenshotAs(org.openqa.selenium.OutputType)&amp;quot; because &amp;quot;tss&amp;quot; is null">
      <![CDATA[java.lang.NullPointerException: Cannot invoke "org.openqa.selenium.TakesScreenshot.getScreenshotAs(org.openqa.selenium.OutputType)" because "tss" is null
at com.navatar.generic.CommonLib.screenshot(CommonLib.java:654)
at com.navatar.generic.AppListeners.onTestSkipped(AppListeners.java:126)
at java.base/java.util.ArrayList.forEach(ArrayList.java:1511)
at com.navatar.launcher.Executioner.testNgXmlSuite(Executioner.java:36)
at com.navatar.launcher.Executioner.main(Executioner.java:48)
... Removed 22 stack frames]]>
    </failure>
  </testcase> <!-- ASTc036_DeleteCreatedRecordType on [unknown locator] -->
</testsuite> <!-- Command line test -->
