<?xml version="1.0" encoding="UTF-8"?>
<testng-results ignored="7" total="9" passed="1" failed="1" skipped="0">
  <reporter-output>
  </reporter-output>
  <suite started-at="2023-04-21T10:04:34 IST" name="NavatarSuite" finished-at="2023-04-21T10:08:52 IST" duration-ms="257970">
    <groups>
    </groups>
    <test started-at="2023-04-21T10:04:34 IST" name="Test" finished-at="2023-04-21T10:08:52 IST" duration-ms="257970">
      <class name="com.navatar.scripts.AcuityTabAddition">
        <test-method is-config="true" signature="reportConfig()[pri:0, instance:[unknown locator]]" started-at="2023-04-21T10:04:34 IST" name="reportConfig" finished-at="2023-04-21T10:04:34 IST" duration-ms="274" status="PASS">
          <reporter-output>
          </reporter-output>
        </test-method> <!-- reportConfig -->
        <test-method is-config="true" signature="config(java.lang.String)[pri:0, instance:[unknown locator]]" started-at="2023-04-21T10:04:34 IST" name="config" finished-at="2023-04-21T10:04:36 IST" duration-ms="2018" status="PASS">
          <params>
            <param index="0">
              <value>
                <![CDATA[chrome]]>
              </value>
            </param>
          </params>
          <reporter-output>
          </reporter-output>
        </test-method> <!-- config -->
        <test-method is-config="true" signature="settingsBeforeTests()[pri:0, instance:[unknown locator]]" started-at="2023-04-21T10:04:36 IST" name="settingsBeforeTests" finished-at="2023-04-21T10:04:36 IST" duration-ms="22" status="PASS">
          <reporter-output>
          </reporter-output>
        </test-method> <!-- settingsBeforeTests -->
        <test-method signature="before()[pri:0, instance:[unknown locator]]" started-at="2023-04-21T10:04:36 IST" name="before" finished-at="2023-04-21T10:05:17 IST" duration-ms="41562" status="PASS">
          <reporter-output>
          </reporter-output>
        </test-method> <!-- before -->
        <test-method is-config="true" signature="settingsAfterTests(org.testng.ITestResult)[pri:0, instance:[unknown locator]]" started-at="2023-04-21T10:05:18 IST" name="settingsAfterTests" finished-at="2023-04-21T10:05:18 IST" duration-ms="0" status="PASS">
          <params>
            <param index="0">
              <value>
                <![CDATA[[TestResult name=before on [unknown locator] status=SUCCESS method=AcuityTabAddition.before()[pri:0, instance:[unknown locator]] output={null}]]]>
              </value>
            </param>
          </params>
          <reporter-output>
          </reporter-output>
        </test-method> <!-- settingsAfterTests -->
        <test-method is-config="true" signature="settingsBeforeTests()[pri:0, instance:[unknown locator]]" started-at="2023-04-21T10:05:18 IST" name="settingsBeforeTests" finished-at="2023-04-21T10:05:18 IST" duration-ms="14" status="PASS">
          <reporter-output>
          </reporter-output>
        </test-method> <!-- settingsBeforeTests -->
        <test-method signature="verifyAddPicklistValueforObject()[pri:8, instance:[unknown locator]]" started-at="2023-04-21T10:05:18 IST" name="verifyAddPicklistValueforObject" finished-at="2023-04-21T10:08:51 IST" duration-ms="212869" status="FAIL">
          <exception class="java.lang.AssertionError">
            <message>
              <![CDATA[The following asserts failed:
Not able to click on App From App Launcher : PE (AcuityTabAddition.java:894)Screenshot Name: verifyAddPicklistValueforObject2023_04_21_10_07_05.png expected [true] but found [false],
Not able to click on App From App Launcher : FOF (AcuityTabAddition.java:894)Screenshot Name: verifyAddPicklistValueforObject2023_04_21_10_08_51.png expected [true] but found [false]]]>
            </message>
            <full-stacktrace>
              <![CDATA[java.lang.AssertionError: The following asserts failed:
Not able to click on App From App Launcher : PE (AcuityTabAddition.java:894)Screenshot Name: verifyAddPicklistValueforObject2023_04_21_10_07_05.png expected [true] but found [false],
Not able to click on App From App Launcher : FOF (AcuityTabAddition.java:894)Screenshot Name: verifyAddPicklistValueforObject2023_04_21_10_08_51.png expected [true] but found [false]
at com.navatar.generic.SoftAssert.assertAll(SoftAssert.java:87)
at com.navatar.scripts.AcuityTabAddition.verifyAddPicklistValueforObject(AcuityTabAddition.java:902)
at java.base/jdk.internal.reflect.NativeMethodAccessorImpl.invoke0(Native Method)
at java.base/jdk.internal.reflect.NativeMethodAccessorImpl.invoke(NativeMethodAccessorImpl.java:77)
at java.base/jdk.internal.reflect.DelegatingMethodAccessorImpl.invoke(DelegatingMethodAccessorImpl.java:43)
at java.base/java.lang.reflect.Method.invoke(Method.java:568)
at org.testng.internal.MethodInvocationHelper.invokeMethod(MethodInvocationHelper.java:133)
at org.testng.internal.TestInvoker.invokeMethod(TestInvoker.java:598)
at org.testng.internal.TestInvoker.invokeTestMethod(TestInvoker.java:173)
at org.testng.internal.MethodRunner.runInSequence(MethodRunner.java:46)
at org.testng.internal.TestInvoker$MethodInvocationAgent.invoke(TestInvoker.java:824)
at org.testng.internal.TestInvoker.invokeTestMethods(TestInvoker.java:146)
at org.testng.internal.TestMethodWorker.invokeTestMethods(TestMethodWorker.java:146)
at org.testng.internal.TestMethodWorker.run(TestMethodWorker.java:128)
at java.base/java.util.ArrayList.forEach(ArrayList.java:1511)
at org.testng.TestRunner.privateRun(TestRunner.java:794)
at org.testng.TestRunner.run(TestRunner.java:596)
at org.testng.SuiteRunner.runTest(SuiteRunner.java:377)
at org.testng.SuiteRunner.runSequentially(SuiteRunner.java:371)
at org.testng.SuiteRunner.privateRun(SuiteRunner.java:332)
at org.testng.SuiteRunner.run(SuiteRunner.java:276)
at org.testng.SuiteRunnerWorker.runSuite(SuiteRunnerWorker.java:53)
at org.testng.SuiteRunnerWorker.run(SuiteRunnerWorker.java:96)
at org.testng.TestNG.runSuitesSequentially(TestNG.java:1212)
at org.testng.TestNG.runSuitesLocally(TestNG.java:1134)
at org.testng.TestNG.runSuites(TestNG.java:1063)
at org.testng.TestNG.run(TestNG.java:1031)
at com.navatar.launcher.Executioner.testNgXmlSuite(Executioner.java:52)
at com.navatar.launcher.Executioner.main(Executioner.java:65)
]]>
            </full-stacktrace>
          </exception> <!-- java.lang.AssertionError -->
          <reporter-output>
          </reporter-output>
        </test-method> <!-- verifyAddPicklistValueforObject -->
        <test-method is-config="true" signature="settingsAfterTests(org.testng.ITestResult)[pri:0, instance:[unknown locator]]" started-at="2023-04-21T10:08:51 IST" name="settingsAfterTests" finished-at="2023-04-21T10:08:51 IST" duration-ms="0" status="PASS">
          <params>
            <param index="0">
              <value>
                <![CDATA[[TestResult name=verifyAddPicklistValueforObject on [unknown locator] status=FAILURE method=AcuityTabAddition.verifyAddPicklistValueforObject()[pri:8, instance:[unknown locator]] output={null}]]]>
              </value>
            </param>
          </params>
          <reporter-output>
          </reporter-output>
        </test-method> <!-- settingsAfterTests -->
        <test-method is-config="true" signature="closeBrowser()[pri:0, instance:[unknown locator]]" started-at="2023-04-21T10:08:51 IST" name="closeBrowser" finished-at="2023-04-21T10:08:52 IST" duration-ms="777" status="PASS">
          <reporter-output>
          </reporter-output>
        </test-method> <!-- closeBrowser -->
        <test-method is-config="true" signature="after()[pri:0, instance:[unknown locator]]" started-at="2023-04-21T10:08:52 IST" name="after" finished-at="2023-04-21T10:08:52 IST" duration-ms="16" status="PASS">
          <reporter-output>
          </reporter-output>
        </test-method> <!-- after -->
        <test-method is-config="true" signature="reportConfigEnd()[pri:0, instance:[unknown locator]]" started-at="2023-04-21T10:08:52 IST" name="reportConfigEnd" finished-at="2023-04-21T10:08:52 IST" duration-ms="348" status="PASS">
          <reporter-output>
          </reporter-output>
        </test-method> <!-- reportConfigEnd -->
      </class> <!-- com.navatar.scripts.AcuityTabAddition -->
    </test> <!-- Test -->
  </suite> <!-- NavatarSuite -->
</testng-results>
