<?xml version="1.0" encoding="UTF-8"?>
<!-- Generated by org.testng.reporters.JUnitReportReporter -->
<testsuite hostname="LAP0130" failures="1" tests="9" name="com.navatar.scripts.AcuityTabAddition" time="254.467" errors="0" timestamp="2023-04-21T10:08:52 IST" skipped="7">
  <testcase classname="com.navatar.scripts.AcuityTabAddition" name="before" time="41.576"/>
  <system-out/>
  <testcase classname="com.navatar.scripts.AcuityTabAddition" name="verifyAddPicklistValueforObject" time="212.891">
    <failure message="The following asserts failed:
	Not able to click on App From App Launcher : PE (AcuityTabAddition.java:894)	Screenshot Name: verifyAddPicklistValueforObject2023_04_21_10_07_05.png	 expected [true] but found [false],
	Not able to click on App From App Launcher : FOF (AcuityTabAddition.java:894)	Screenshot Name: verifyAddPicklistValueforObject2023_04_21_10_08_51.png	 expected [true] but found [false]" type="java.lang.AssertionError">
      <![CDATA[java.lang.AssertionError: The following asserts failed:
Not able to click on App From App Launcher : PE (AcuityTabAddition.java:894)Screenshot Name: verifyAddPicklistValueforObject2023_04_21_10_07_05.png expected [true] but found [false],
Not able to click on App From App Launcher : FOF (AcuityTabAddition.java:894)Screenshot Name: verifyAddPicklistValueforObject2023_04_21_10_08_51.png expected [true] but found [false]
at com.navatar.generic.SoftAssert.assertAll(SoftAssert.java:87)
at com.navatar.scripts.AcuityTabAddition.verifyAddPicklistValueforObject(AcuityTabAddition.java:902)
at java.base/jdk.internal.reflect.NativeMethodAccessorImpl.invoke0(Native Method)
at java.base/jdk.internal.reflect.NativeMethodAccessorImpl.invoke(NativeMethodAccessorImpl.java:77)
at java.base/jdk.internal.reflect.DelegatingMethodAccessorImpl.invoke(DelegatingMethodAccessorImpl.java:43)
at java.base/java.lang.reflect.Method.invoke(Method.java:568)
at org.testng.internal.MethodInvocationHelper.invokeMethod(MethodInvocationHelper.java:133)
at org.testng.internal.TestInvoker.invokeMethod(TestInvoker.java:598)
at org.testng.internal.TestInvoker.invokeTestMethod(TestInvoker.java:173)
at org.testng.internal.MethodRunner.runInSequence(MethodRunner.java:46)
at org.testng.internal.TestInvoker$MethodInvocationAgent.invoke(TestInvoker.java:824)
at org.testng.internal.TestInvoker.invokeTestMethods(TestInvoker.java:146)
at org.testng.internal.TestMethodWorker.invokeTestMethods(TestMethodWorker.java:146)
at org.testng.internal.TestMethodWorker.run(TestMethodWorker.java:128)
at java.base/java.util.ArrayList.forEach(ArrayList.java:1511)
at org.testng.TestRunner.privateRun(TestRunner.java:794)
at org.testng.TestRunner.run(TestRunner.java:596)
at org.testng.SuiteRunner.runTest(SuiteRunner.java:377)
at org.testng.SuiteRunner.runSequentially(SuiteRunner.java:371)
at org.testng.SuiteRunner.privateRun(SuiteRunner.java:332)
at org.testng.SuiteRunner.run(SuiteRunner.java:276)
at org.testng.SuiteRunnerWorker.runSuite(SuiteRunnerWorker.java:53)
at org.testng.SuiteRunnerWorker.run(SuiteRunnerWorker.java:96)
at org.testng.TestNG.runSuitesSequentially(TestNG.java:1212)
at org.testng.TestNG.runSuitesLocally(TestNG.java:1134)
at org.testng.TestNG.runSuites(TestNG.java:1063)
at org.testng.TestNG.run(TestNG.java:1031)
at com.navatar.launcher.Executioner.testNgXmlSuite(Executioner.java:52)
at com.navatar.launcher.Executioner.main(Executioner.java:65)
]]>
    </failure>
  </testcase> <!-- verifyAddPicklistValueforObject -->
  <system-out/>
  <testcase classname="com.navatar.scripts.AcuityTabAddition" name="verifyAddPicklistValueforObjects">
    <skipped/>
  </testcase> <!-- verifyAddPicklistValueforObjects -->
  <system-out/>
  <testcase classname="com.navatar.scripts.AcuityTabAddition" name="VerifyRemovingGlobalAction">
    <skipped/>
  </testcase> <!-- VerifyRemovingGlobalAction -->
  <system-out/>
  <testcase classname="com.navatar.scripts.AcuityTabAddition" name="verifyAllowUsersRelateMultipleContactsTasksEvents">
    <skipped/>
  </testcase> <!-- verifyAllowUsersRelateMultipleContactsTasksEvents -->
  <system-out/>
  <testcase classname="com.navatar.scripts.AcuityTabAddition" name="verifyRemovingRelatedListFromObjects">
    <skipped/>
  </testcase> <!-- verifyRemovingRelatedListFromObjects -->
  <system-out/>
  <testcase classname="com.navatar.scripts.AcuityTabAddition" name="verifyAcuityTabAddedInObjects">
    <skipped/>
  </testcase> <!-- verifyAcuityTabAddedInObjects -->
  <system-out/>
  <testcase classname="com.navatar.scripts.AcuityTabAddition" name="VerifyAcuityNavatarSetting">
    <skipped/>
  </testcase> <!-- VerifyAcuityNavatarSetting -->
  <system-out/>
  <testcase classname="com.navatar.scripts.AcuityTabAddition" name="VerifyRenamingTabAndLableInActivity">
    <skipped/>
  </testcase> <!-- VerifyRenamingTabAndLableInActivity -->
  <system-out/>
</testsuite> <!-- com.navatar.scripts.AcuityTabAddition -->
